02:14:30.799 INFO  Starting testcase: testToVerifyRegistration
02:14:32.321 INFO  Open URL: https://demo.nopcommerce.com/
02:14:32.762 INFO  STEP: User landed on NopCommerce homepage
02:14:33.285 INFO  user clicked on register button
02:14:33.391 INFO  STEP: User landed on NopCommerce registration page
02:14:33.520 INFO  Gender selected: Male
02:14:35.758 INFO  First name input field filled with text Anthony
02:14:36.966 INFO  Last name input field filled with text Abraham
02:14:37.193 INFO  Selected birthday: 20
02:14:37.370 INFO  Selected birth month: May
02:14:38.540 INFO  Selected birth year: 1995
02:14:39.560 INFO  'Nopcommerce registration feature Test' is successfully passed
02:14:39.560 INFO  ---------------------------------------------------
02:14:40.163 INFO  Starting testcase: testToVerifyRegistration
02:14:41.441 INFO  Open URL: https://demo.nopcommerce.com/
02:14:41.639 INFO  STEP: User landed on NopCommerce homepage
02:14:42.886 INFO  user clicked on register button
02:14:43.000 INFO  STEP: User landed on NopCommerce registration page
02:14:43.136 INFO  Gender selected: Female
02:14:45.407 INFO  First name input field filled with text Alexandra
02:14:46.603 INFO  Last name input field filled with text Allan
02:14:46.806 INFO  Selected birthday: 9
02:14:46.996 INFO  Selected birth month: May
02:14:48.173 INFO  Selected birth year: 1999
02:14:49.187 INFO  'Nopcommerce registration feature Test' is successfully passed
02:14:49.187 INFO  ---------------------------------------------------
02:14:49.767 INFO  Starting testcase: testToVerifyRegistration
02:14:50.283 INFO  Open URL: https://demo.nopcommerce.com/
02:14:50.512 INFO  STEP: User landed on NopCommerce homepage
02:14:51.014 INFO  user clicked on register button
02:14:51.100 INFO  STEP: User landed on NopCommerce registration page
02:14:51.218 INFO  Gender selected: Female
02:14:53.425 INFO  First name input field filled with text Alison
02:14:54.605 INFO  Last name input field filled with text Alsop
02:14:54.786 INFO  Selected birthday: 3
02:14:55.013 INFO  Selected birth month: May
02:14:56.172 INFO  Selected birth year: 2000
02:14:57.179 INFO  'Nopcommerce registration feature Test' is successfully passed
02:14:57.179 INFO  ---------------------------------------------------
02:14:57.722 INFO  Starting testcase: testToVerifyRegistration
02:14:59.100 INFO  Open URL: https://demo.nopcommerce.com/
02:14:59.242 INFO  STEP: User landed on NopCommerce homepage
02:14:59.726 INFO  user clicked on register button
02:14:59.804 INFO  STEP: User landed on NopCommerce registration page
02:14:59.918 INFO  Gender selected: Male
02:15:02.128 INFO  First name input field filled with text Amanda
02:15:03.339 INFO  Last name input field filled with text Anderson
02:15:03.644 INFO  Selected birthday: 2
02:15:03.862 INFO  Selected birth month: May
02:15:05.092 INFO  Selected birth year: 2001
02:15:06.107 INFO  'Nopcommerce registration feature Test' is successfully passed
02:15:06.107 INFO  ---------------------------------------------------
02:15:06.657 INFO  Starting testcase: testToVerifyRegistration
02:15:07.230 INFO  Open URL: https://demo.nopcommerce.com/
02:15:07.352 INFO  STEP: User landed on NopCommerce homepage
02:15:07.827 INFO  user clicked on register button
02:15:07.914 INFO  STEP: User landed on NopCommerce registration page
02:15:08.024 INFO  Gender selected: Female
02:15:10.242 INFO  First name input field filled with text Austin
02:15:11.434 INFO  Last name input field filled with text Arnold
02:15:11.580 INFO  Selected birthday: 10
02:15:11.736 INFO  Selected birth month: May
02:15:12.896 INFO  Selected birth year: 1990
02:15:13.906 INFO  'Nopcommerce registration feature Test' is successfully passed
02:15:13.906 INFO  ---------------------------------------------------
